<?xml version="1.0" encoding="UTF-8"?>
<!-- Generated by org.testng.reporters.JUnitReportReporter -->
<testsuite hostname="User" failures="0" tests="1" name="test.LoginTest" time="4.124" errors="0" timestamp="2021-02-27T20:55:13 EST" skipped="0">
  <testcase classname="test.LoginTest" name="positiveLoginTestHomePage" time="4.124"/>
  <system-out/>
</testsuite> <!-- test.LoginTest -->
